{"C:\\Users\\aamir\\Documents\\TSI\\my-organiser\\API\\my-library\\app.ts": {"path":"C:\\Users\\aamir\\Documents\\TSI\\my-organiser\\API\\my-library\\app.ts","statementMap":{"0":{"start":{"line":1,"column":0},"end":{"line":1,"column":30}},"1":{"start":{"line":2,"column":0},"end":{"line":2,"column":24}},"2":{"start":{"line":3,"column":0},"end":{"line":3,"column":30}},"3":{"start":{"line":5,"column":12},"end":{"line":5,"column":21}},"4":{"start":{"line":6,"column":0},"end":{"line":6,"column":51}},"5":{"start":{"line":7,"column":0},"end":{"line":7,"column":24}},"6":{"start":{"line":9,"column":0},"end":{"line":9,"column":16}},"7":{"start":{"line":11,"column":0},"end":{"line":11,"column":19}}},"fnMap":{},"branchMap":{},"s":{"0":1,"1":1,"2":1,"3":1,"4":1,"5":1,"6":1,"7":1},"f":{},"b":{}}
,"C:\\Users\\aamir\\Documents\\TSI\\my-organiser\\API\\my-library\\router.ts": {"path":"C:\\Users\\aamir\\Documents\\TSI\\my-organiser\\API\\my-library\\router.ts","statementMap":{"0":{"start":{"line":1,"column":0},"end":{"line":1,"column":33}},"1":{"start":{"line":2,"column":0},"end":{"line":2,"column":39}},"2":{"start":{"line":3,"column":0},"end":{"line":3,"column":64}},"3":{"start":{"line":4,"column":0},"end":{"line":4,"column":53}},"4":{"start":{"line":5,"column":0},"end":{"line":5,"column":57}},"5":{"start":{"line":7,"column":15},"end":{"line":7,"column":23}},"6":{"start":{"line":9,"column":0},"end":{"line":9,"column":33}},"7":{"start":{"line":10,"column":0},"end":{"line":10,"column":57}},"8":{"start":{"line":11,"column":0},"end":{"line":11,"column":46}},"9":{"start":{"line":12,"column":0},"end":{"line":12,"column":38}},"10":{"start":{"line":14,"column":0},"end":{"line":14,"column":22}}},"fnMap":{},"branchMap":{},"s":{"0":1,"1":1,"2":1,"3":1,"4":1,"5":1,"6":1,"7":1,"8":1,"9":1,"10":1},"f":{},"b":{}}
,"C:\\Users\\aamir\\Documents\\TSI\\my-organiser\\API\\my-library\\models\\currentlyReadingModel.ts": {"path":"C:\\Users\\aamir\\Documents\\TSI\\my-organiser\\API\\my-library\\models\\currentlyReadingModel.ts","statementMap":{"0":{"start":{"line":1,"column":0},"end":{"line":1,"column":33}},"1":{"start":{"line":2,"column":0},"end":{"line":2,"column":71}},"2":{"start":{"line":4,"column":25},"end":{"line":7,"column":null}},"3":{"start":{"line":10,"column":0},"end":{"line":10,"column":32}}},"fnMap":{},"branchMap":{},"s":{"0":1,"1":1,"2":1,"3":1},"f":{},"b":{}}
,"C:\\Users\\aamir\\Documents\\TSI\\my-organiser\\API\\my-library\\models\\readModel.ts": {"path":"C:\\Users\\aamir\\Documents\\TSI\\my-organiser\\API\\my-library\\models\\readModel.ts","statementMap":{"0":{"start":{"line":1,"column":0},"end":{"line":1,"column":33}},"1":{"start":{"line":2,"column":0},"end":{"line":2,"column":47}},"2":{"start":{"line":4,"column":13},"end":{"line":4,"column":46}},"3":{"start":{"line":6,"column":0},"end":{"line":6,"column":20}}},"fnMap":{},"branchMap":{},"s":{"0":1,"1":1,"2":1,"3":1},"f":{},"b":{}}
,"C:\\Users\\aamir\\Documents\\TSI\\my-organiser\\API\\my-library\\models\\wantToReadModel.ts": {"path":"C:\\Users\\aamir\\Documents\\TSI\\my-organiser\\API\\my-library\\models\\wantToReadModel.ts","statementMap":{"0":{"start":{"line":1,"column":0},"end":{"line":1,"column":33}},"1":{"start":{"line":2,"column":0},"end":{"line":2,"column":59}},"2":{"start":{"line":4,"column":19},"end":{"line":4,"column":70}},"3":{"start":{"line":6,"column":0},"end":{"line":6,"column":26}}},"fnMap":{},"branchMap":{},"s":{"0":1,"1":1,"2":1,"3":1},"f":{},"b":{}}
,"C:\\Users\\aamir\\Documents\\TSI\\my-organiser\\API\\my-library\\routes\\currently-reading.ts": {"path":"C:\\Users\\aamir\\Documents\\TSI\\my-organiser\\API\\my-library\\routes\\currently-reading.ts","statementMap":{"0":{"start":{"line":1,"column":0},"end":{"line":1,"column":63}},"1":{"start":{"line":2,"column":0},"end":{"line":2,"column":33}},"2":{"start":{"line":3,"column":0},"end":{"line":3,"column":39}},"3":{"start":{"line":5,"column":15},"end":{"line":5,"column":23}},"4":{"start":{"line":8,"column":0},"end":{"line":16,"column":5}},"5":{"start":{"line":9,"column":4},"end":{"line":15,"column":5}},"6":{"start":{"line":10,"column":20},"end":{"line":10,"column":49}},"7":{"start":{"line":11,"column":6},"end":{"line":11,"column":22}},"8":{"start":{"line":13,"column":6},"end":{"line":13,"column":52}},"9":{"start":{"line":14,"column":6},"end":{"line":14,"column":63}},"10":{"start":{"line":19,"column":2},"end":{"line":27,"column":5}},"11":{"start":{"line":20,"column":4},"end":{"line":26,"column":5}},"12":{"start":{"line":21,"column":22},"end":{"line":21,"column":61}},"13":{"start":{"line":22,"column":6},"end":{"line":22,"column":36}},"14":{"start":{"line":24,"column":6},"end":{"line":24,"column":51}},"15":{"start":{"line":25,"column":6},"end":{"line":25,"column":63}},"16":{"start":{"line":30,"column":2},"end":{"line":42,"column":5}},"17":{"start":{"line":31,"column":4},"end":{"line":41,"column":5}},"18":{"start":{"line":32,"column":26},"end":{"line":35,"column":null}},"19":{"start":{"line":37,"column":6},"end":{"line":37,"column":28}},"20":{"start":{"line":39,"column":6},"end":{"line":39,"column":51}},"21":{"start":{"line":40,"column":6},"end":{"line":40,"column":63}},"22":{"start":{"line":45,"column":2},"end":{"line":54,"column":5}},"23":{"start":{"line":46,"column":4},"end":{"line":53,"column":5}},"24":{"start":{"line":47,"column":6},"end":{"line":47,"column":62}},"25":{"start":{"line":48,"column":6},"end":{"line":48,"column":29}},"26":{"start":{"line":49,"column":6},"end":{"line":49,"column":47}},"27":{"start":{"line":51,"column":6},"end":{"line":51,"column":51}},"28":{"start":{"line":52,"column":6},"end":{"line":52,"column":63}},"29":{"start":{"line":57,"column":2},"end":{"line":81,"column":5}},"30":{"start":{"line":58,"column":4},"end":{"line":80,"column":5}},"31":{"start":{"line":59,"column":19},"end":{"line":59,"column":65}},"32":{"start":{"line":60,"column":6},"end":{"line":62,"column":7}},"33":{"start":{"line":61,"column":8},"end":{"line":61,"column":65}},"34":{"start":{"line":64,"column":23},"end":{"line":71,"column":8}},"35":{"start":{"line":73,"column":6},"end":{"line":73,"column":28}},"36":{"start":{"line":74,"column":6},"end":{"line":74,"column":62}},"37":{"start":{"line":76,"column":6},"end":{"line":76,"column":25}},"38":{"start":{"line":78,"column":6},"end":{"line":78,"column":49}},"39":{"start":{"line":79,"column":6},"end":{"line":79,"column":63}},"40":{"start":{"line":83,"column":2},"end":{"line":83,"column":null}}},"fnMap":{"0":{"name":"(anonymous_1)","decl":{"start":{"line":8,"column":16},"end":{"line":8,"column":21}},"loc":{"start":{"line":8,"column":35},"end":{"line":16,"column":3}}},"1":{"name":"(anonymous_2)","decl":{"start":{"line":19,"column":19},"end":{"line":19,"column":24}},"loc":{"start":{"line":19,"column":38},"end":{"line":27,"column":3}}},"2":{"name":"(anonymous_3)","decl":{"start":{"line":30,"column":21},"end":{"line":30,"column":26}},"loc":{"start":{"line":30,"column":40},"end":{"line":42,"column":3}}},"3":{"name":"(anonymous_4)","decl":{"start":{"line":45,"column":24},"end":{"line":45,"column":29}},"loc":{"start":{"line":45,"column":43},"end":{"line":54,"column":3}}},"4":{"name":"(anonymous_5)","decl":{"start":{"line":57,"column":34},"end":{"line":57,"column":39}},"loc":{"start":{"line":57,"column":53},"end":{"line":81,"column":3}}}},"branchMap":{"0":{"loc":{"start":{"line":60,"column":6},"end":{"line":62,"column":7}},"type":"if","locations":[{"start":{"line":60,"column":6},"end":{"line":62,"column":7}}]},"1":{"loc":{"start":{"line":69,"column":16},"end":{"line":69,"column":36}},"type":"binary-expr","locations":[{"start":{"line":69,"column":16},"end":{"line":69,"column":31}},{"start":{"line":69,"column":35},"end":{"line":69,"column":36}}]}},"s":{"0":1,"1":1,"2":1,"3":1,"4":1,"5":1,"6":1,"7":1,"8":0,"9":0,"10":1,"11":1,"12":1,"13":1,"14":0,"15":0,"16":1,"17":1,"18":1,"19":1,"20":0,"21":0,"22":1,"23":1,"24":1,"25":1,"26":1,"27":0,"28":0,"29":1,"30":0,"31":0,"32":0,"33":0,"34":0,"35":0,"36":0,"37":0,"38":0,"39":0,"40":1},"f":{"0":1,"1":1,"2":1,"3":1,"4":0},"b":{"0":[0],"1":[0,0]}}
,"C:\\Users\\aamir\\Documents\\TSI\\my-organiser\\API\\my-library\\routes\\isbnSearchRoutes.ts": {"path":"C:\\Users\\aamir\\Documents\\TSI\\my-organiser\\API\\my-library\\routes\\isbnSearchRoutes.ts","statementMap":{"0":{"start":{"line":1,"column":0},"end":{"line":1,"column":52}},"1":{"start":{"line":3,"column":15},"end":{"line":3,"column":23}},"2":{"start":{"line":4,"column":21},"end":{"line":4,"column":46}},"3":{"start":{"line":5,"column":16},"end":{"line":5,"column":56}},"4":{"start":{"line":7,"column":0},"end":{"line":28,"column":3}},"5":{"start":{"line":8,"column":19},"end":{"line":8,"column":27}},"6":{"start":{"line":10,"column":2},"end":{"line":27,"column":3}},"7":{"start":{"line":11,"column":21},"end":{"line":16,"column":6}},"8":{"start":{"line":18,"column":4},"end":{"line":20,"column":5}},"9":{"start":{"line":19,"column":6},"end":{"line":19,"column":41}},"10":{"start":{"line":22,"column":17},"end":{"line":22,"column":38}},"11":{"start":{"line":23,"column":4},"end":{"line":23,"column":36}},"12":{"start":{"line":25,"column":4},"end":{"line":25,"column":49}},"13":{"start":{"line":26,"column":4},"end":{"line":26,"column":54}},"14":{"start":{"line":30,"column":0},"end":{"line":30,"column":22}}},"fnMap":{"0":{"name":"(anonymous_0)","decl":{"start":{"line":7,"column":23},"end":{"line":7,"column":28}},"loc":{"start":{"line":7,"column":61},"end":{"line":28,"column":1}}}},"branchMap":{"0":{"loc":{"start":{"line":18,"column":4},"end":{"line":20,"column":5}},"type":"if","locations":[{"start":{"line":18,"column":4},"end":{"line":20,"column":5}}]}},"s":{"0":1,"1":1,"2":1,"3":1,"4":1,"5":0,"6":0,"7":0,"8":0,"9":0,"10":0,"11":0,"12":0,"13":0,"14":1},"f":{"0":0},"b":{"0":[0]}}
,"C:\\Users\\aamir\\Documents\\TSI\\my-organiser\\API\\my-library\\routes\\read.ts": {"path":"C:\\Users\\aamir\\Documents\\TSI\\my-organiser\\API\\my-library\\routes\\read.ts","statementMap":{"0":{"start":{"line":1,"column":0},"end":{"line":1,"column":39}},"1":{"start":{"line":2,"column":0},"end":{"line":2,"column":33}},"2":{"start":{"line":4,"column":15},"end":{"line":4,"column":23}},"3":{"start":{"line":7,"column":0},"end":{"line":15,"column":3}},"4":{"start":{"line":8,"column":2},"end":{"line":14,"column":3}},"5":{"start":{"line":9,"column":20},"end":{"line":9,"column":47}},"6":{"start":{"line":10,"column":4},"end":{"line":10,"column":34}},"7":{"start":{"line":12,"column":4},"end":{"line":12,"column":49}},"8":{"start":{"line":13,"column":4},"end":{"line":13,"column":61}},"9":{"start":{"line":18,"column":0},"end":{"line":27,"column":3}},"10":{"start":{"line":19,"column":2},"end":{"line":26,"column":3}},"11":{"start":{"line":20,"column":18},"end":{"line":20,"column":35}},"12":{"start":{"line":21,"column":4},"end":{"line":21,"column":42}},"13":{"start":{"line":22,"column":4},"end":{"line":22,"column":20}},"14":{"start":{"line":24,"column":4},"end":{"line":24,"column":50}},"15":{"start":{"line":25,"column":4},"end":{"line":25,"column":61}},"16":{"start":{"line":30,"column":0},"end":{"line":41,"column":3}},"17":{"start":{"line":31,"column":2},"end":{"line":40,"column":3}},"18":{"start":{"line":32,"column":17},"end":{"line":32,"column":51}},"19":{"start":{"line":33,"column":4},"end":{"line":35,"column":5}},"20":{"start":{"line":34,"column":6},"end":{"line":34,"column":63}},"21":{"start":{"line":36,"column":4},"end":{"line":36,"column":19}},"22":{"start":{"line":38,"column":4},"end":{"line":38,"column":49}},"23":{"start":{"line":39,"column":4},"end":{"line":39,"column":61}},"24":{"start":{"line":44,"column":0},"end":{"line":57,"column":3}},"25":{"start":{"line":45,"column":2},"end":{"line":56,"column":3}},"26":{"start":{"line":46,"column":24},"end":{"line":48,"column":6}},"27":{"start":{"line":49,"column":4},"end":{"line":51,"column":5}},"28":{"start":{"line":50,"column":6},"end":{"line":50,"column":63}},"29":{"start":{"line":52,"column":4},"end":{"line":52,"column":26}},"30":{"start":{"line":54,"column":4},"end":{"line":54,"column":49}},"31":{"start":{"line":55,"column":4},"end":{"line":55,"column":61}},"32":{"start":{"line":60,"column":0},"end":{"line":71,"column":3}},"33":{"start":{"line":61,"column":2},"end":{"line":70,"column":3}},"34":{"start":{"line":62,"column":24},"end":{"line":62,"column":67}},"35":{"start":{"line":63,"column":4},"end":{"line":65,"column":5}},"36":{"start":{"line":64,"column":6},"end":{"line":64,"column":63}},"37":{"start":{"line":66,"column":4},"end":{"line":66,"column":55}},"38":{"start":{"line":68,"column":4},"end":{"line":68,"column":49}},"39":{"start":{"line":69,"column":4},"end":{"line":69,"column":61}},"40":{"start":{"line":73,"column":0},"end":{"line":73,"column":22}}},"fnMap":{"0":{"name":"(anonymous_1)","decl":{"start":{"line":7,"column":17},"end":{"line":7,"column":22}},"loc":{"start":{"line":7,"column":36},"end":{"line":15,"column":1}}},"1":{"name":"(anonymous_2)","decl":{"start":{"line":18,"column":16},"end":{"line":18,"column":21}},"loc":{"start":{"line":18,"column":35},"end":{"line":27,"column":1}}},"2":{"name":"(anonymous_3)","decl":{"start":{"line":30,"column":19},"end":{"line":30,"column":24}},"loc":{"start":{"line":30,"column":38},"end":{"line":41,"column":1}}},"3":{"name":"(anonymous_4)","decl":{"start":{"line":44,"column":19},"end":{"line":44,"column":24}},"loc":{"start":{"line":44,"column":38},"end":{"line":57,"column":1}}},"4":{"name":"(anonymous_5)","decl":{"start":{"line":60,"column":22},"end":{"line":60,"column":27}},"loc":{"start":{"line":60,"column":41},"end":{"line":71,"column":1}}}},"branchMap":{"0":{"loc":{"start":{"line":33,"column":4},"end":{"line":35,"column":5}},"type":"if","locations":[{"start":{"line":33,"column":4},"end":{"line":35,"column":5}}]},"1":{"loc":{"start":{"line":49,"column":4},"end":{"line":51,"column":5}},"type":"if","locations":[{"start":{"line":49,"column":4},"end":{"line":51,"column":5}}]},"2":{"loc":{"start":{"line":63,"column":4},"end":{"line":65,"column":5}},"type":"if","locations":[{"start":{"line":63,"column":4},"end":{"line":65,"column":5}}]}},"s":{"0":1,"1":1,"2":1,"3":1,"4":1,"5":1,"6":1,"7":0,"8":0,"9":1,"10":1,"11":1,"12":1,"13":1,"14":0,"15":0,"16":1,"17":1,"18":1,"19":1,"20":0,"21":1,"22":0,"23":0,"24":1,"25":1,"26":1,"27":1,"28":0,"29":1,"30":0,"31":0,"32":1,"33":1,"34":1,"35":1,"36":0,"37":1,"38":0,"39":0,"40":1},"f":{"0":1,"1":1,"2":1,"3":1,"4":1},"b":{"0":[0],"1":[0],"2":[0]}}
,"C:\\Users\\aamir\\Documents\\TSI\\my-organiser\\API\\my-library\\routes\\want-to-read.ts": {"path":"C:\\Users\\aamir\\Documents\\TSI\\my-organiser\\API\\my-library\\routes\\want-to-read.ts","statementMap":{"0":{"start":{"line":1,"column":0},"end":{"line":1,"column":63}},"1":{"start":{"line":2,"column":0},"end":{"line":2,"column":51}},"2":{"start":{"line":3,"column":0},"end":{"line":3,"column":33}},"3":{"start":{"line":5,"column":15},"end":{"line":5,"column":23}},"4":{"start":{"line":8,"column":0},"end":{"line":16,"column":3}},"5":{"start":{"line":9,"column":2},"end":{"line":15,"column":3}},"6":{"start":{"line":10,"column":20},"end":{"line":10,"column":53}},"7":{"start":{"line":11,"column":4},"end":{"line":11,"column":34}},"8":{"start":{"line":13,"column":4},"end":{"line":13,"column":49}},"9":{"start":{"line":14,"column":4},"end":{"line":14,"column":61}},"10":{"start":{"line":19,"column":0},"end":{"line":27,"column":3}},"11":{"start":{"line":20,"column":2},"end":{"line":26,"column":3}},"12":{"start":{"line":21,"column":18},"end":{"line":21,"column":41}},"13":{"start":{"line":22,"column":4},"end":{"line":22,"column":20}},"14":{"start":{"line":24,"column":4},"end":{"line":24,"column":50}},"15":{"start":{"line":25,"column":4},"end":{"line":25,"column":61}},"16":{"start":{"line":30,"column":0},"end":{"line":41,"column":3}},"17":{"start":{"line":31,"column":2},"end":{"line":40,"column":3}},"18":{"start":{"line":32,"column":24},"end":{"line":32,"column":73}},"19":{"start":{"line":33,"column":4},"end":{"line":35,"column":5}},"20":{"start":{"line":34,"column":6},"end":{"line":34,"column":63}},"21":{"start":{"line":36,"column":4},"end":{"line":36,"column":55}},"22":{"start":{"line":38,"column":4},"end":{"line":38,"column":49}},"23":{"start":{"line":39,"column":4},"end":{"line":39,"column":61}},"24":{"start":{"line":45,"column":0},"end":{"line":68,"column":3}},"25":{"start":{"line":46,"column":2},"end":{"line":67,"column":3}},"26":{"start":{"line":47,"column":17},"end":{"line":47,"column":57}},"27":{"start":{"line":48,"column":4},"end":{"line":50,"column":5}},"28":{"start":{"line":49,"column":6},"end":{"line":49,"column":63}},"29":{"start":{"line":52,"column":33},"end":{"line":58,"column":6}},"30":{"start":{"line":60,"column":4},"end":{"line":60,"column":38}},"31":{"start":{"line":61,"column":4},"end":{"line":61,"column":54}},"32":{"start":{"line":63,"column":4},"end":{"line":63,"column":35}},"33":{"start":{"line":65,"column":4},"end":{"line":65,"column":68}},"34":{"start":{"line":66,"column":4},"end":{"line":66,"column":61}},"35":{"start":{"line":70,"column":0},"end":{"line":70,"column":22}}},"fnMap":{"0":{"name":"(anonymous_1)","decl":{"start":{"line":8,"column":17},"end":{"line":8,"column":22}},"loc":{"start":{"line":8,"column":36},"end":{"line":16,"column":1}}},"1":{"name":"(anonymous_2)","decl":{"start":{"line":19,"column":16},"end":{"line":19,"column":21}},"loc":{"start":{"line":19,"column":35},"end":{"line":27,"column":1}}},"2":{"name":"(anonymous_3)","decl":{"start":{"line":30,"column":22},"end":{"line":30,"column":27}},"loc":{"start":{"line":30,"column":41},"end":{"line":41,"column":1}}},"3":{"name":"(anonymous_4)","decl":{"start":{"line":45,"column":45},"end":{"line":45,"column":50}},"loc":{"start":{"line":45,"column":64},"end":{"line":68,"column":1}}}},"branchMap":{"0":{"loc":{"start":{"line":33,"column":4},"end":{"line":35,"column":5}},"type":"if","locations":[{"start":{"line":33,"column":4},"end":{"line":35,"column":5}}]},"1":{"loc":{"start":{"line":48,"column":4},"end":{"line":50,"column":5}},"type":"if","locations":[{"start":{"line":48,"column":4},"end":{"line":50,"column":5}}]}},"s":{"0":1,"1":1,"2":1,"3":1,"4":1,"5":1,"6":1,"7":1,"8":0,"9":0,"10":1,"11":1,"12":1,"13":1,"14":0,"15":0,"16":1,"17":1,"18":1,"19":1,"20":0,"21":1,"22":0,"23":0,"24":1,"25":0,"26":0,"27":0,"28":0,"29":0,"30":0,"31":0,"32":0,"33":0,"34":0,"35":1},"f":{"0":1,"1":1,"2":1,"3":0},"b":{"0":[0],"1":[0]}}
,"C:\\Users\\aamir\\Documents\\TSI\\my-organiser\\API\\my-library\\schemas\\WantToReadSchema.ts": {"path":"C:\\Users\\aamir\\Documents\\TSI\\my-organiser\\API\\my-library\\schemas\\WantToReadSchema.ts","statementMap":{"0":{"start":{"line":1,"column":0},"end":{"line":1,"column":34}},"1":{"start":{"line":2,"column":0},"end":{"line":2,"column":42}},"2":{"start":{"line":4,"column":25},"end":{"line":7,"column":2}},"3":{"start":{"line":9,"column":0},"end":{"line":9,"column":32}}},"fnMap":{},"branchMap":{},"s":{"0":1,"1":1,"2":1,"3":1},"f":{},"b":{}}
,"C:\\Users\\aamir\\Documents\\TSI\\my-organiser\\API\\my-library\\schemas\\commonSchema.ts": {"path":"C:\\Users\\aamir\\Documents\\TSI\\my-organiser\\API\\my-library\\schemas\\commonSchema.ts","statementMap":{"0":{"start":{"line":1,"column":21},"end":{"line":6,"column":2}},"1":{"start":{"line":8,"column":0},"end":{"line":8,"column":28}}},"fnMap":{},"branchMap":{},"s":{"0":1,"1":1},"f":{},"b":{}}
,"C:\\Users\\aamir\\Documents\\TSI\\my-organiser\\API\\my-library\\schemas\\currentlyReadingSchema.ts": {"path":"C:\\Users\\aamir\\Documents\\TSI\\my-organiser\\API\\my-library\\schemas\\currentlyReadingSchema.ts","statementMap":{"0":{"start":{"line":1,"column":0},"end":{"line":1,"column":34}},"1":{"start":{"line":2,"column":0},"end":{"line":2,"column":42}},"2":{"start":{"line":4,"column":31},"end":{"line":8,"column":2}},"3":{"start":{"line":10,"column":0},"end":{"line":10,"column":38}}},"fnMap":{},"branchMap":{},"s":{"0":1,"1":1,"2":1,"3":1},"f":{},"b":{}}
,"C:\\Users\\aamir\\Documents\\TSI\\my-organiser\\API\\my-library\\schemas\\readSchema.ts": {"path":"C:\\Users\\aamir\\Documents\\TSI\\my-organiser\\API\\my-library\\schemas\\readSchema.ts","statementMap":{"0":{"start":{"line":1,"column":0},"end":{"line":1,"column":34}},"1":{"start":{"line":2,"column":0},"end":{"line":2,"column":42}},"2":{"start":{"line":4,"column":19},"end":{"line":8,"column":2}},"3":{"start":{"line":10,"column":0},"end":{"line":10,"column":26}}},"fnMap":{},"branchMap":{},"s":{"0":1,"1":1,"2":1,"3":1},"f":{},"b":{}}
}
